
> elibro-tauri-react@0.1.0 tauri
> tauri build --verbose


> elibro-tauri-react@0.1.0 build
> next build

  ▲ Next.js 14.2.5

   Creating an optimized production build ...
 ✓ Compiled successfully
   Linting and checking validity of types ...
   Collecting page data ...
   Generating static pages (0/5) ...
   Generating static pages (1/5) 
   Generating static pages (2/5) 
   Generating static pages (3/5) 
 ✓ Generating static pages (5/5)
   Finalizing page optimization ...
   Collecting build traces ...

Route (app)                              Size     First Load JS
┌ ○ /                                    5.23 kB        92.4 kB
└ ○ /_not-found                          875 B            88 kB
+ First Load JS shared by all            87.1 kB
  ├ chunks/23-bc0704c1190bca24.js        31.6 kB
  ├ chunks/fd9d1056-2821b0f0cabcd8bd.js  53.7 kB
  └ other shared chunks (total)          1.85 kB


○  (Static)  prerendered as static content

